<?xml version="1.0" encoding="UTF-8"?>
<!-- Generated by org.testng.reporters.JUnitReportReporter -->
<testsuite skipped="0" hostname="LAPTOP-0FGJQ36B" name="mainPackage.TestExecute" tests="2" failures="0" timestamp="05 Aug 2018 11:53:57 GMT" time="67.475" errors="0">
  <testcase name="TestExecution1" time="40.953" classname="mainPackage.TestExecute"/>
  <testcase name="TestExecution" time="26.522" classname="mainPackage.TestExecute"/>
</testsuite> <!-- mainPackage.TestExecute -->
