<?xml version="1.0" encoding="UTF-8"?>
<!-- Generated by org.testng.reporters.JUnitReportReporter -->
<testsuite skipped="0" hostname="LAPTOP-0FGJQ36B" name="mainPackage.TestExecute" tests="2" failures="0" timestamp="05 Aug 2018 11:52:12 GMT" time="65.944" errors="0">
  <testcase name="TestExecution" time="26.995" classname="mainPackage.TestExecute"/>
  <testcase name="TestExecution1" time="38.949" classname="mainPackage.TestExecute"/>
</testsuite> <!-- mainPackage.TestExecute -->
